<?xml version="1.0" encoding="UTF-8"?>
<!-- Generated by org.testng.reporters.JUnitReportReporter -->
<testsuite hostname="LAPTOP-AOC2RQRL" failures="0" tests="2" name="CucumberRunner.Testngrunner" time="23.815" errors="0" timestamp="2023-01-13T15:59:35 IST" skipped="0">
  <testcase classname="CucumberRunner.Testngrunner" name="runScenario" time="10.878"/>
  <system-out/>
  <testcase classname="CucumberRunner.Testngrunner" name="runScenario" time="12.937"/>
  <system-out/>
</testsuite> <!-- CucumberRunner.Testngrunner -->
